<?xml version="1.0" encoding="UTF-8"?>
<robot generator="Robot 4.0.3 (Python 3.9.6 on win32)" generated="20230302 18:37:50.186" rpa="false" schemaversion="2">
<suite id="s1" name="TestCases" source="C:\Users\Admin\RobotFramework\Flipkart2023\Flipkartdemo\Tests\TestCases.robot">
<test id="s1-t1" name="Add items to cart -Task 1">
<kw name="open flipkart url and ignore creds" library="Keywords">
<kw name="Open Browser" library="SeleniumLibrary">
<arg>${url1}</arg>
<arg>${browser1}</arg>
<doc>Opens a new browser instance to the optional ``url``.</doc>
<msg timestamp="20230302 18:37:50.382" level="INFO">Opening browser 'chrome' to base url 'https://www.flipkart.com/'.</msg>
<status status="PASS" starttime="20230302 18:37:50.382" endtime="20230302 18:37:53.142"/>
</kw>
<kw name="Maximize Browser Window" library="SeleniumLibrary">
<doc>Maximizes current browser window.</doc>
<status status="PASS" starttime="20230302 18:37:53.143" endtime="20230302 18:37:53.264"/>
</kw>
<kw name="Sleep" library="BuiltIn">
<arg>${timeTest}</arg>
<doc>Pauses the test executed for the given time.</doc>
<msg timestamp="20230302 18:37:56.273" level="INFO">Slept 3 seconds</msg>
<status status="PASS" starttime="20230302 18:37:53.264" endtime="20230302 18:37:56.273"/>
</kw>
<kw name="Press Keys" library="SeleniumLibrary">
<arg>None</arg>
<arg>ESC</arg>
<doc>Simulates the user pressing key(s) to an element or on the active browser.</doc>
<msg timestamp="20230302 18:37:56.274" level="INFO">Sending key(s) ('ESC',) to page.</msg>
<msg timestamp="20230302 18:37:56.274" level="INFO">Pressing special key ESCAPE to browser.</msg>
<msg timestamp="20230302 18:37:56.274" level="INFO">Releasing special key ESCAPE.</msg>
<status status="PASS" starttime="20230302 18:37:56.273" endtime="20230302 18:37:56.300"/>
</kw>
<kw name="Log To Console" library="BuiltIn">
<arg>Closed Login pop-up!</arg>
<doc>Logs the given message to the console.</doc>
<status status="PASS" starttime="20230302 18:37:56.301" endtime="20230302 18:37:56.301"/>
</kw>
<status status="PASS" starttime="20230302 18:37:50.382" endtime="20230302 18:37:56.302"/>
</kw>
<kw name="go to mobiles and search for iphone" library="Keywords">
<kw name="Click Element" library="SeleniumLibrary">
<arg>${mobiletab}</arg>
<doc>Click the element identified by ``locator``.</doc>
<msg timestamp="20230302 18:37:56.303" level="INFO">Clicking element 'css:[alt="Mobiles"]'.</msg>
<status status="PASS" starttime="20230302 18:37:56.302" endtime="20230302 18:37:56.377"/>
</kw>
<kw name="Input Text" library="SeleniumLibrary">
<arg>${searchfeild}</arg>
<arg>${mobiletype}</arg>
<doc>Types the given ``text`` into the text field identified by ``locator``.</doc>
<msg timestamp="20230302 18:37:56.377" level="INFO">Typing text 'iphone' into text field 'css:[title="Search for products, brands and more"]'.</msg>
<status status="PASS" starttime="20230302 18:37:56.377" endtime="20230302 18:37:56.541"/>
</kw>
<kw name="Press Keys" library="SeleniumLibrary">
<arg>None</arg>
<arg>RETURN</arg>
<doc>Simulates the user pressing key(s) to an element or on the active browser.</doc>
<msg timestamp="20230302 18:37:56.542" level="INFO">Sending key(s) ('RETURN',) to page.</msg>
<msg timestamp="20230302 18:37:56.542" level="INFO">Pressing special key RETURN to browser.</msg>
<msg timestamp="20230302 18:37:56.542" level="INFO">Releasing special key RETURN.</msg>
<status status="PASS" starttime="20230302 18:37:56.541" endtime="20230302 18:37:56.553"/>
</kw>
<kw name="Sleep" library="BuiltIn">
<arg>4s</arg>
<doc>Pauses the test executed for the given time.</doc>
<msg timestamp="20230302 18:38:00.563" level="INFO">Slept 4 seconds</msg>
<status status="PASS" starttime="20230302 18:37:56.553" endtime="20230302 18:38:00.563"/>
</kw>
<status status="PASS" starttime="20230302 18:37:56.302" endtime="20230302 18:38:00.563"/>
</kw>
<kw name="scroll to 6th mobile in the searh result" library="Keywords">
<kw name="Scroll Element Into View" library="SeleniumLibrary">
<arg>${6thOption}</arg>
<doc>Scrolls the element identified by ``locator`` into view.</doc>
<status status="PASS" starttime="20230302 18:38:00.564" endtime="20230302 18:38:00.861"/>
</kw>
<kw name="Sleep" library="BuiltIn">
<arg>2s</arg>
<doc>Pauses the test executed for the given time.</doc>
<msg timestamp="20230302 18:38:02.869" level="INFO">Slept 2 seconds</msg>
<status status="PASS" starttime="20230302 18:38:00.861" endtime="20230302 18:38:02.869"/>
</kw>
<kw name="Click Element" library="SeleniumLibrary">
<arg>${6thOption}</arg>
<doc>Click the element identified by ``locator``.</doc>
<msg timestamp="20230302 18:38:02.870" level="INFO">Clicking element 'xpath = //div[@data-id='MOBGHWFHQFSQYBFU']'.</msg>
<status status="PASS" starttime="20230302 18:38:02.870" endtime="20230302 18:38:02.952"/>
</kw>
<kw name="Switch Window" library="SeleniumLibrary">
<arg>NEW</arg>
<doc>Switches to browser window matching ``locator``.</doc>
<status status="PASS" starttime="20230302 18:38:02.953" endtime="20230302 18:38:02.965"/>
</kw>
<status status="PASS" starttime="20230302 18:38:00.564" endtime="20230302 18:38:02.965"/>
</kw>
<kw name="Add to cart" library="Keywords">
<kw name="Sleep" library="BuiltIn">
<arg>${timeTest}</arg>
<doc>Pauses the test executed for the given time.</doc>
<msg timestamp="20230302 18:38:05.981" level="INFO">Slept 3 seconds</msg>
<status status="PASS" starttime="20230302 18:38:02.966" endtime="20230302 18:38:05.981"/>
</kw>
<kw name="Click Element" library="SeleniumLibrary">
<arg>${addToCart}</arg>
<doc>Click the element identified by ``locator``.</doc>
<msg timestamp="20230302 18:38:05.982" level="INFO">Clicking element '//button[text()='Add to cart']'.</msg>
<status status="PASS" starttime="20230302 18:38:05.981" endtime="20230302 18:38:06.047"/>
</kw>
<kw name="Close Window" library="SeleniumLibrary">
<doc>Closes currently opened and selected browser window/tab.</doc>
<status status="PASS" starttime="20230302 18:38:06.048" endtime="20230302 18:38:06.108"/>
</kw>
<status status="PASS" starttime="20230302 18:38:02.965" endtime="20230302 18:38:06.108"/>
</kw>
<status status="PASS" starttime="20230302 18:37:50.381" endtime="20230302 18:38:06.108"/>
</test>
<test id="s1-t2" name="Open flipkart and check the added item in cart -Task 2">
<kw name="open flipkart again" library="Keywords">
<kw name="Open Browser" library="SeleniumLibrary">
<arg>${url1}</arg>
<arg>${browser1}</arg>
<doc>Opens a new browser instance to the optional ``url``.</doc>
<msg timestamp="20230302 18:38:06.111" level="INFO">Opening browser 'chrome' to base url 'https://www.flipkart.com/'.</msg>
<status status="PASS" starttime="20230302 18:38:06.110" endtime="20230302 18:38:09.304"/>
</kw>
<kw name="Maximize Browser Window" library="SeleniumLibrary">
<doc>Maximizes current browser window.</doc>
<status status="PASS" starttime="20230302 18:38:09.304" endtime="20230302 18:38:09.429"/>
</kw>
<kw name="Sleep" library="BuiltIn">
<arg>${timeTest}</arg>
<doc>Pauses the test executed for the given time.</doc>
<msg timestamp="20230302 18:38:12.443" level="INFO">Slept 3 seconds</msg>
<status status="PASS" starttime="20230302 18:38:09.429" endtime="20230302 18:38:12.443"/>
</kw>
<kw name="Press Keys" library="SeleniumLibrary">
<arg>None</arg>
<arg>ESC</arg>
<doc>Simulates the user pressing key(s) to an element or on the active browser.</doc>
<msg timestamp="20230302 18:38:12.443" level="INFO">Sending key(s) ('ESC',) to page.</msg>
<msg timestamp="20230302 18:38:12.443" level="INFO">Pressing special key ESCAPE to browser.</msg>
<msg timestamp="20230302 18:38:12.443" level="INFO">Releasing special key ESCAPE.</msg>
<status status="PASS" starttime="20230302 18:38:12.443" endtime="20230302 18:38:12.474"/>
</kw>
<kw name="Log To Console" library="BuiltIn">
<arg>Closed Login pop-up!</arg>
<doc>Logs the given message to the console.</doc>
<status status="PASS" starttime="20230302 18:38:12.474" endtime="20230302 18:38:12.474"/>
</kw>
<kw name="Sleep" library="BuiltIn">
<arg>${timeTest}</arg>
<doc>Pauses the test executed for the given time.</doc>
<msg timestamp="20230302 18:38:15.488" level="INFO">Slept 3 seconds</msg>
<status status="PASS" starttime="20230302 18:38:12.474" endtime="20230302 18:38:15.488"/>
</kw>
<status status="PASS" starttime="20230302 18:38:06.110" endtime="20230302 18:38:15.488"/>
</kw>
<kw name="click on cart" library="Keywords">
<kw name="Click Element" library="SeleniumLibrary">
<arg>${cart}</arg>
<doc>Click the element identified by ``locator``.</doc>
<msg timestamp="20230302 18:38:15.493" level="INFO">Clicking element '//span[text()='Cart']'.</msg>
<status status="PASS" starttime="20230302 18:38:15.492" endtime="20230302 18:38:15.587"/>
</kw>
<status status="PASS" starttime="20230302 18:38:15.492" endtime="20230302 18:38:15.588"/>
</kw>
<kw name="verify the previously added item in cart" library="Keywords">
<kw name="Get Text" library="SeleniumLibrary">
<arg>${addeditem}</arg>
<doc>Returns the text value of the element identified by ``locator``.</doc>
<kw name="Capture Page Screenshot" library="SeleniumLibrary">
<doc>Takes a screenshot of the current page and embeds it into a log file.</doc>
<msg timestamp="20230302 18:38:15.877" level="INFO" html="true">&lt;/td&gt;&lt;/tr&gt;&lt;tr&gt;&lt;td colspan="3"&gt;&lt;a href="selenium-screenshot-15.png"&gt;&lt;img src="selenium-screenshot-15.png" width="800px"&gt;&lt;/a&gt;</msg>
<status status="PASS" starttime="20230302 18:38:15.620" endtime="20230302 18:38:15.877"/>
</kw>
<msg timestamp="20230302 18:38:15.883" level="FAIL">Element with locator '//a[contains(text(),'APPLE iPhone 14 (Purple, 128 GB)')]' not found.</msg>
<status status="FAIL" starttime="20230302 18:38:15.589" endtime="20230302 18:38:15.883"/>
</kw>
<status status="FAIL" starttime="20230302 18:38:15.588" endtime="20230302 18:38:15.884"/>
</kw>
<status status="FAIL" starttime="20230302 18:38:06.110" endtime="20230302 18:38:15.884">Element with locator '//a[contains(text(),'APPLE iPhone 14 (Purple, 128 GB)')]' not found.</status>
</test>
<status status="FAIL" starttime="20230302 18:37:50.188" endtime="20230302 18:38:15.887"/>
</suite>
<statistics>
<total>
<stat pass="1" fail="1" skip="0">All Tests</stat>
</total>
<tag>
</tag>
<suite>
<stat pass="1" fail="1" skip="0" id="s1" name="TestCases">TestCases</stat>
</suite>
</statistics>
<errors>
<msg timestamp="20230302 18:37:50.211" level="ERROR">Error in file 'C:\Users\Admin\RobotFramework\Flipkart2023\Flipkartdemo\Operations\Keywords.robot' on line 2: Resource file 'C:UsersAdminRobotFrameworkFlipkart2023FlipkartdemoOperationsVariables.robot' does not exist.</msg>
<msg timestamp="20230302 18:37:50.377" level="ERROR">Error in file 'C:\Users\Admin\RobotFramework\Flipkart2023\Flipkartdemo\Operations\Variables.robot' on line 2: Resource file 'C:UsersAdminRobotFrameworkFlipkart2023FlipkartdemoOperationsKeywords.robot' does not exist.</msg>
</errors>
</robot>
