<?xml version="1.0" encoding="UTF-8"?>
<robot generator="Robot 4.0.3 (Python 3.9.6 on win32)" generated="20230302 21:05:59.072" rpa="false" schemaversion="2">
<suite id="s1" name="TestCases" source="C:\Users\Admin\RobotFramework\Flipkart2023\Flipkartdemo\Tests\TestCases.robot">
<test id="s1-t1" name="Add items to cart -Task 1">
<kw name="open flipkart url and ignore creds" library="Keywords">
<kw name="Open Browser" library="SeleniumLibrary">
<arg>${url1}</arg>
<arg>${browser1}</arg>
<doc>Opens a new browser instance to the optional ``url``.</doc>
<msg timestamp="20230302 21:05:59.334" level="INFO">Opening browser 'chrome' to base url 'https://www.flipkart.com/'.</msg>
<status status="PASS" starttime="20230302 21:05:59.334" endtime="20230302 21:06:02.514"/>
</kw>
<kw name="Maximize Browser Window" library="SeleniumLibrary">
<doc>Maximizes current browser window.</doc>
<status status="PASS" starttime="20230302 21:06:02.514" endtime="20230302 21:06:02.629"/>
</kw>
<kw name="Sleep" library="BuiltIn">
<arg>${timeTest}</arg>
<doc>Pauses the test executed for the given time.</doc>
<msg timestamp="20230302 21:06:05.632" level="INFO">Slept 3 seconds</msg>
<status status="PASS" starttime="20230302 21:06:02.629" endtime="20230302 21:06:05.633"/>
</kw>
<kw name="Press Keys" library="SeleniumLibrary">
<arg>None</arg>
<arg>ESC</arg>
<doc>Simulates the user pressing key(s) to an element or on the active browser.</doc>
<msg timestamp="20230302 21:06:05.635" level="INFO">Sending key(s) ('ESC',) to page.</msg>
<msg timestamp="20230302 21:06:05.635" level="INFO">Pressing special key ESCAPE to browser.</msg>
<msg timestamp="20230302 21:06:05.635" level="INFO">Releasing special key ESCAPE.</msg>
<status status="PASS" starttime="20230302 21:06:05.633" endtime="20230302 21:06:05.680"/>
</kw>
<kw name="Log To Console" library="BuiltIn">
<arg>Closed Login pop-up!</arg>
<doc>Logs the given message to the console.</doc>
<status status="PASS" starttime="20230302 21:06:05.681" endtime="20230302 21:06:05.681"/>
</kw>
<status status="PASS" starttime="20230302 21:05:59.333" endtime="20230302 21:06:05.681"/>
</kw>
<kw name="go to mobiles and search for iphone" library="Keywords">
<kw name="Click Element" library="SeleniumLibrary">
<arg>${mobiletab}</arg>
<doc>Click the element identified by ``locator``.</doc>
<msg timestamp="20230302 21:06:05.682" level="INFO">Clicking element 'css:[alt="Mobiles"]'.</msg>
<status status="PASS" starttime="20230302 21:06:05.682" endtime="20230302 21:06:05.748"/>
</kw>
<kw name="Input Text" library="SeleniumLibrary">
<arg>${searchfeild}</arg>
<arg>${mobiletype}</arg>
<doc>Types the given ``text`` into the text field identified by ``locator``.</doc>
<msg timestamp="20230302 21:06:05.748" level="INFO">Typing text 'iphone' into text field 'css:[title="Search for products, brands and more"]'.</msg>
<status status="PASS" starttime="20230302 21:06:05.748" endtime="20230302 21:06:05.887"/>
</kw>
<kw name="Press Keys" library="SeleniumLibrary">
<arg>None</arg>
<arg>RETURN</arg>
<doc>Simulates the user pressing key(s) to an element or on the active browser.</doc>
<msg timestamp="20230302 21:06:05.888" level="INFO">Sending key(s) ('RETURN',) to page.</msg>
<msg timestamp="20230302 21:06:05.888" level="INFO">Pressing special key RETURN to browser.</msg>
<msg timestamp="20230302 21:06:05.888" level="INFO">Releasing special key RETURN.</msg>
<status status="PASS" starttime="20230302 21:06:05.887" endtime="20230302 21:06:05.899"/>
</kw>
<kw name="Sleep" library="BuiltIn">
<arg>4s</arg>
<doc>Pauses the test executed for the given time.</doc>
<msg timestamp="20230302 21:06:09.909" level="INFO">Slept 4 seconds</msg>
<status status="PASS" starttime="20230302 21:06:05.899" endtime="20230302 21:06:09.909"/>
</kw>
<status status="PASS" starttime="20230302 21:06:05.681" endtime="20230302 21:06:09.909"/>
</kw>
<kw name="scroll to 6th mobile in the searh result" library="Keywords">
<kw name="Scroll Element Into View" library="SeleniumLibrary">
<arg>${6thOption}</arg>
<doc>Scrolls the element identified by ``locator`` into view.</doc>
<status status="PASS" starttime="20230302 21:06:09.911" endtime="20230302 21:06:10.206"/>
</kw>
<kw name="Sleep" library="BuiltIn">
<arg>2s</arg>
<doc>Pauses the test executed for the given time.</doc>
<msg timestamp="20230302 21:06:12.221" level="INFO">Slept 2 seconds</msg>
<status status="PASS" starttime="20230302 21:06:10.206" endtime="20230302 21:06:12.221"/>
</kw>
<kw name="Click Element" library="SeleniumLibrary">
<arg>${6thOption}</arg>
<doc>Click the element identified by ``locator``.</doc>
<msg timestamp="20230302 21:06:12.222" level="INFO">Clicking element 'xpath = //div[@data-id='MOBGHWFHQFSQYBFU']'.</msg>
<status status="PASS" starttime="20230302 21:06:12.221" endtime="20230302 21:06:12.311"/>
</kw>
<kw name="Switch Window" library="SeleniumLibrary">
<arg>NEW</arg>
<doc>Switches to browser window matching ``locator``.</doc>
<status status="PASS" starttime="20230302 21:06:12.311" endtime="20230302 21:06:12.325"/>
</kw>
<status status="PASS" starttime="20230302 21:06:09.910" endtime="20230302 21:06:12.325"/>
</kw>
<kw name="Add to cart" library="Keywords">
<kw name="Sleep" library="BuiltIn">
<arg>${timeTest}</arg>
<doc>Pauses the test executed for the given time.</doc>
<msg timestamp="20230302 21:06:15.333" level="INFO">Slept 3 seconds</msg>
<status status="PASS" starttime="20230302 21:06:12.326" endtime="20230302 21:06:15.333"/>
</kw>
<kw name="Click Element" library="SeleniumLibrary">
<arg>${addToCart}</arg>
<doc>Click the element identified by ``locator``.</doc>
<msg timestamp="20230302 21:06:15.335" level="INFO">Clicking element '//button[text()='Add to cart']'.</msg>
<status status="PASS" starttime="20230302 21:06:15.334" endtime="20230302 21:06:15.429"/>
</kw>
<kw name="Close Window" library="SeleniumLibrary">
<doc>Closes currently opened and selected browser window/tab.</doc>
<status status="PASS" starttime="20230302 21:06:15.429" endtime="20230302 21:06:15.489"/>
</kw>
<status status="PASS" starttime="20230302 21:06:12.326" endtime="20230302 21:06:15.489"/>
</kw>
<status status="PASS" starttime="20230302 21:05:59.333" endtime="20230302 21:06:15.489"/>
</test>
<test id="s1-t2" name="Open flipkart and check the added item in cart -Task 2">
<kw name="open flipkart again" library="Keywords">
<kw name="Open Browser" library="SeleniumLibrary">
<arg>${url1}</arg>
<arg>${browser1}</arg>
<doc>Opens a new browser instance to the optional ``url``.</doc>
<msg timestamp="20230302 21:06:15.491" level="INFO">Opening browser 'chrome' to base url 'https://www.flipkart.com/'.</msg>
<status status="PASS" starttime="20230302 21:06:15.491" endtime="20230302 21:06:19.202"/>
</kw>
<kw name="Maximize Browser Window" library="SeleniumLibrary">
<doc>Maximizes current browser window.</doc>
<status status="PASS" starttime="20230302 21:06:19.203" endtime="20230302 21:06:19.327"/>
</kw>
<kw name="Sleep" library="BuiltIn">
<arg>${timeTest}</arg>
<doc>Pauses the test executed for the given time.</doc>
<msg timestamp="20230302 21:06:22.330" level="INFO">Slept 3 seconds</msg>
<status status="PASS" starttime="20230302 21:06:19.328" endtime="20230302 21:06:22.330"/>
</kw>
<kw name="Press Keys" library="SeleniumLibrary">
<arg>None</arg>
<arg>ESC</arg>
<doc>Simulates the user pressing key(s) to an element or on the active browser.</doc>
<msg timestamp="20230302 21:06:22.331" level="INFO">Sending key(s) ('ESC',) to page.</msg>
<msg timestamp="20230302 21:06:22.331" level="INFO">Pressing special key ESCAPE to browser.</msg>
<msg timestamp="20230302 21:06:22.331" level="INFO">Releasing special key ESCAPE.</msg>
<status status="PASS" starttime="20230302 21:06:22.330" endtime="20230302 21:06:22.359"/>
</kw>
<kw name="Log To Console" library="BuiltIn">
<arg>Closed Login pop-up!</arg>
<doc>Logs the given message to the console.</doc>
<status status="PASS" starttime="20230302 21:06:22.359" endtime="20230302 21:06:22.359"/>
</kw>
<kw name="Sleep" library="BuiltIn">
<arg>${timeTest}</arg>
<doc>Pauses the test executed for the given time.</doc>
<msg timestamp="20230302 21:06:25.363" level="INFO">Slept 3 seconds</msg>
<status status="PASS" starttime="20230302 21:06:22.360" endtime="20230302 21:06:25.363"/>
</kw>
<status status="PASS" starttime="20230302 21:06:15.491" endtime="20230302 21:06:25.363"/>
</kw>
<kw name="click on cart" library="Keywords">
<kw name="Click Element" library="SeleniumLibrary">
<arg>${cart}</arg>
<doc>Click the element identified by ``locator``.</doc>
<msg timestamp="20230302 21:06:25.364" level="INFO">Clicking element '//span[text()='Cart']'.</msg>
<status status="PASS" starttime="20230302 21:06:25.364" endtime="20230302 21:06:25.425"/>
</kw>
<status status="PASS" starttime="20230302 21:06:25.364" endtime="20230302 21:06:25.425"/>
</kw>
<kw name="verify the previously added item in cart" library="Keywords">
<kw name="Get Text" library="SeleniumLibrary">
<arg>${addeditem}</arg>
<doc>Returns the text value of the element identified by ``locator``.</doc>
<kw name="Capture Page Screenshot" library="SeleniumLibrary">
<doc>Takes a screenshot of the current page and embeds it into a log file.</doc>
<msg timestamp="20230302 21:06:25.591" level="INFO" html="true">&lt;/td&gt;&lt;/tr&gt;&lt;tr&gt;&lt;td colspan="3"&gt;&lt;a href="selenium-screenshot-16.png"&gt;&lt;img src="selenium-screenshot-16.png" width="800px"&gt;&lt;/a&gt;</msg>
<status status="PASS" starttime="20230302 21:06:25.443" endtime="20230302 21:06:25.591"/>
</kw>
<msg timestamp="20230302 21:06:25.598" level="FAIL">Element with locator '//a[contains(text(),'APPLE iPhone 14 (Purple, 128 GB)')]' not found.</msg>
<status status="FAIL" starttime="20230302 21:06:25.426" endtime="20230302 21:06:25.598"/>
</kw>
<status status="FAIL" starttime="20230302 21:06:25.426" endtime="20230302 21:06:25.598"/>
</kw>
<status status="FAIL" starttime="20230302 21:06:15.490" endtime="20230302 21:06:25.598">Element with locator '//a[contains(text(),'APPLE iPhone 14 (Purple, 128 GB)')]' not found.</status>
</test>
<status status="FAIL" starttime="20230302 21:05:59.073" endtime="20230302 21:06:25.600"/>
</suite>
<statistics>
<total>
<stat pass="1" fail="1" skip="0">All Tests</stat>
</total>
<tag>
</tag>
<suite>
<stat pass="1" fail="1" skip="0" id="s1" name="TestCases">TestCases</stat>
</suite>
</statistics>
<errors>
<msg timestamp="20230302 21:05:59.100" level="ERROR">Error in file 'C:\Users\Admin\RobotFramework\Flipkart2023\Flipkartdemo\Operations\Keywords.robot' on line 2: Resource file 'C:UsersAdminRobotFrameworkFlipkart2023FlipkartdemoOperationsVariables.robot' does not exist.</msg>
<msg timestamp="20230302 21:05:59.329" level="ERROR">Error in file 'C:\Users\Admin\RobotFramework\Flipkart2023\Flipkartdemo\Operations\Variables.robot' on line 2: Resource file 'C:UsersAdminRobotFrameworkFlipkart2023FlipkartdemoOperationsKeywords.robot' does not exist.</msg>
</errors>
</robot>
